2020-12-11T17:40:52.387408Z 0 [ERROR] Cannot open Windows EventLog; check privileges, or start server with --log_syslog=0
2020-12-11T17:40:53.254413Z 0 [Warning] InnoDB: New log files created, LSN=45790
2020-12-11T17:40:53.389949Z 0 [Warning] InnoDB: Creating foreign key constraint system tables.
2020-12-11T17:40:53.487707Z 0 [Warning] No existing UUID has been found, so we assume that this is the first time that this server has been started. Generating a new UUID: 043ae4e2-3bd8-11eb-8376-049226026ebe.
2020-12-11T17:40:53.500382Z 0 [Warning] Gtid table is not ready to be used. Table 'mysql.gtid_executed' cannot be opened.
2020-12-11T17:40:53.505974Z 1 [Warning] root@localhost is created with an empty password ! Please consider switching off the --initialize-insecure option.
2020-12-11T17:45:45.582339Z 0 [Warning] Insecure configuration for --secure-file-priv: Current value does not restrict location of generated files. Consider setting it to a valid, non-empty path.
2020-12-11T17:45:45.582627Z 0 [ERROR] Cannot open Windows EventLog; check privileges, or start server with --log_syslog=0
2020-12-11T17:45:45.582641Z 0 [Note] C:\laragon\bin\mysql\mysql-5.7.24-winx64\bin\mysqld (mysqld 5.7.24) starting as process 1816 ...
2020-12-11T17:45:45.611695Z 0 [Note] InnoDB: Mutexes and rw_locks use Windows interlocked functions
2020-12-11T17:45:45.612534Z 0 [Note] InnoDB: Uses event mutexes
2020-12-11T17:45:45.613050Z 0 [Note] InnoDB: _mm_lfence() and _mm_sfence() are used for memory barrier
2020-12-11T17:45:45.613876Z 0 [Note] InnoDB: Compressed tables use zlib 1.2.11
2020-12-11T17:45:45.614839Z 0 [Note] InnoDB: Number of pools: 1
2020-12-11T17:45:45.615470Z 0 [Note] InnoDB: Not using CPU crc32 instructions
2020-12-11T17:45:45.618810Z 0 [Note] InnoDB: Initializing buffer pool, total size = 128M, instances = 1, chunk size = 128M
2020-12-11T17:45:45.625289Z 0 [Note] InnoDB: Completed initialization of buffer pool
2020-12-11T17:45:45.657135Z 0 [Note] InnoDB: Highest supported file format is Barracuda.
2020-12-11T17:45:45.660157Z 0 [Note] InnoDB: Log scan progressed past the checkpoint lsn 2591459
2020-12-11T17:45:45.660931Z 0 [Note] InnoDB: Doing recovery: scanned up to log sequence number 2591468
2020-12-11T17:45:45.661741Z 0 [Note] InnoDB: Database was not shutdown normally!
2020-12-11T17:45:45.662393Z 0 [Note] InnoDB: Starting crash recovery.
2020-12-11T17:45:45.870446Z 0 [Note] InnoDB: Removed temporary tablespace data file: "ibtmp1"
2020-12-11T17:45:45.871317Z 0 [Note] InnoDB: Creating shared tablespace for temporary tables
2020-12-11T17:45:45.872498Z 0 [Note] InnoDB: Setting file '.\ibtmp1' size to 12 MB. Physically writing the file full; Please wait ...
2020-12-11T17:45:45.989950Z 0 [Note] InnoDB: File '.\ibtmp1' size is now 12 MB.
2020-12-11T17:45:45.992960Z 0 [Note] InnoDB: 96 redo rollback segment(s) found. 96 redo rollback segment(s) are active.
2020-12-11T17:45:45.994067Z 0 [Note] InnoDB: 32 non-redo rollback segment(s) are active.
2020-12-11T17:45:45.995193Z 0 [Note] InnoDB: Waiting for purge to start
2020-12-11T17:45:46.047543Z 0 [Note] InnoDB: 5.7.24 started; log sequence number 2591468
2020-12-11T17:45:46.048668Z 0 [Note] Plugin 'FEDERATED' is disabled.
2020-12-11T17:45:46.048724Z 0 [Note] InnoDB: Loading buffer pool(s) from C:\Users\bayss\Desktop\Poke_project_2020\DATA\mysql\ib_buffer_pool
2020-12-11T17:45:46.061453Z 0 [Warning] Failed to set up SSL because of the following SSL library error: SSL context is not usable without certificate and private key
2020-12-11T17:45:46.062817Z 0 [Note] Server hostname (bind-address): '*'; port: 3306
2020-12-11T17:45:46.063880Z 0 [Note] IPv6 is available.
2020-12-11T17:45:46.064356Z 0 [Note]   - '::' resolves to '::';
2020-12-11T17:45:46.064922Z 0 [Note] Server socket created on IP: '::'.
2020-12-11T17:45:46.086864Z 0 [Note] InnoDB: Buffer pool(s) load completed at 201211 18:45:46
2020-12-11T17:45:46.110949Z 0 [Note] C:\laragon\bin\mysql\mysql-5.7.24-winx64\bin\mysqld: ready for connections.
Version: '5.7.24'  socket: ''  port: 3306  MySQL Community Server (GPL)
2020-12-11T17:45:46.253360Z 0 [Note] C:\laragon\bin\mysql\mysql-5.7.24-winx64\bin\mysqld: Normal shutdown

2020-12-11T17:45:46.254544Z 0 [Note] Giving 0 client threads a chance to die gracefully
2020-12-11T17:45:46.255880Z 0 [Note] Shutting down slave threads
2020-12-11T17:45:46.256635Z 0 [Note] Forcefully disconnecting 0 remaining clients
2020-12-11T17:45:46.257890Z 0 [Note] Binlog end
2020-12-11T17:45:46.259483Z 0 [Note] Shutting down plugin 'ngram'
2020-12-11T17:45:46.260288Z 0 [Note] Shutting down plugin 'partition'
2020-12-11T17:45:46.260994Z 0 [Note] Shutting down plugin 'BLACKHOLE'
2020-12-11T17:45:46.261670Z 0 [Note] Shutting down plugin 'ARCHIVE'
2020-12-11T17:45:46.262362Z 0 [Note] Shutting down plugin 'PERFORMANCE_SCHEMA'
2020-12-11T17:45:46.263634Z 0 [Note] Shutting down plugin 'MRG_MYISAM'
2020-12-11T17:45:46.264609Z 0 [Note] Shutting down plugin 'MyISAM'
2020-12-11T17:45:46.265262Z 0 [Note] Shutting down plugin 'INNODB_SYS_VIRTUAL'
2020-12-11T17:45:46.265996Z 0 [Note] Shutting down plugin 'INNODB_SYS_DATAFILES'
2020-12-11T17:45:46.266870Z 0 [Note] Shutting down plugin 'INNODB_SYS_TABLESPACES'
2020-12-11T17:45:46.267762Z 0 [Note] Shutting down plugin 'INNODB_SYS_FOREIGN_COLS'
2020-12-11T17:45:46.268574Z 0 [Note] Shutting down plugin 'INNODB_SYS_FOREIGN'
2020-12-11T17:45:46.269227Z 0 [Note] Shutting down plugin 'INNODB_SYS_FIELDS'
2020-12-11T17:45:46.270048Z 0 [Note] Shutting down plugin 'INNODB_SYS_COLUMNS'
2020-12-11T17:45:46.270892Z 0 [Note] Shutting down plugin 'INNODB_SYS_INDEXES'
2020-12-11T17:45:46.271617Z 0 [Note] Shutting down plugin 'INNODB_SYS_TABLESTATS'
2020-12-11T17:45:46.272374Z 0 [Note] Shutting down plugin 'INNODB_SYS_TABLES'
2020-12-11T17:45:46.273141Z 0 [Note] Shutting down plugin 'INNODB_FT_INDEX_TABLE'
2020-12-11T17:45:46.273998Z 0 [Note] Shutting down plugin 'INNODB_FT_INDEX_CACHE'
2020-12-11T17:45:46.274751Z 0 [Note] Shutting down plugin 'INNODB_FT_CONFIG'
2020-12-11T17:45:46.275453Z 0 [Note] Shutting down plugin 'INNODB_FT_BEING_DELETED'
2020-12-11T17:45:46.276170Z 0 [Note] Shutting down plugin 'INNODB_FT_DELETED'
2020-12-11T17:45:46.276816Z 0 [Note] Shutting down plugin 'INNODB_FT_DEFAULT_STOPWORD'
2020-12-11T17:45:46.277561Z 0 [Note] Shutting down plugin 'INNODB_METRICS'
2020-12-11T17:45:46.278183Z 0 [Note] Shutting down plugin 'INNODB_TEMP_TABLE_INFO'
2020-12-11T17:45:46.278894Z 0 [Note] Shutting down plugin 'INNODB_BUFFER_POOL_STATS'
2020-12-11T17:45:46.279614Z 0 [Note] Shutting down plugin 'INNODB_BUFFER_PAGE_LRU'
2020-12-11T17:45:46.280285Z 0 [Note] Shutting down plugin 'INNODB_BUFFER_PAGE'
2020-12-11T17:45:46.280924Z 0 [Note] Shutting down plugin 'INNODB_CMP_PER_INDEX_RESET'
2020-12-11T17:45:46.281639Z 0 [Note] Shutting down plugin 'INNODB_CMP_PER_INDEX'
2020-12-11T17:45:46.282293Z 0 [Note] Shutting down plugin 'INNODB_CMPMEM_RESET'
2020-12-11T17:45:46.282941Z 0 [Note] Shutting down plugin 'INNODB_CMPMEM'
2020-12-11T17:45:46.283630Z 0 [Note] Shutting down plugin 'INNODB_CMP_RESET'
2020-12-11T17:45:46.284919Z 0 [Note] Shutting down plugin 'INNODB_CMP'
2020-12-11T17:45:46.285964Z 0 [Note] Shutting down plugin 'INNODB_LOCK_WAITS'
2020-12-11T17:45:46.287107Z 0 [Note] Shutting down plugin 'INNODB_LOCKS'
2020-12-11T17:45:46.287918Z 0 [Note] Shutting down plugin 'INNODB_TRX'
2020-12-11T17:45:46.288689Z 0 [Note] Shutting down plugin 'InnoDB'
2020-12-11T17:45:46.289463Z 0 [Note] InnoDB: FTS optimize thread exiting.
2020-12-11T17:45:46.290316Z 0 [Note] InnoDB: Starting shutdown...
2020-12-11T17:45:46.391850Z 0 [Note] InnoDB: Dumping buffer pool(s) to C:\Users\bayss\Desktop\Poke_project_2020\DATA\mysql\ib_buffer_pool
2020-12-11T17:45:46.394277Z 0 [Note] InnoDB: Buffer pool(s) dump completed at 201211 18:45:46
2020-12-11T17:45:47.414422Z 0 [Note] InnoDB: Shutdown completed; log sequence number 2591487
2020-12-11T17:45:47.416049Z 0 [Note] InnoDB: Removed temporary tablespace data file: "ibtmp1"
2020-12-11T17:45:47.417287Z 0 [Note] Shutting down plugin 'MEMORY'
2020-12-11T17:45:47.418163Z 0 [Note] Shutting down plugin 'CSV'
2020-12-11T17:45:47.419049Z 0 [Note] Shutting down plugin 'sha256_password'
2020-12-11T17:45:47.420029Z 0 [Note] Shutting down plugin 'mysql_native_password'
2020-12-11T17:45:47.421224Z 0 [Note] Shutting down plugin 'binlog'
2020-12-11T17:45:47.431512Z 0 [Note] C:\laragon\bin\mysql\mysql-5.7.24-winx64\bin\mysqld: Shutdown complete

